<?xml version="1.0" encoding="UTF-8"?>
<!-- Generated by org.testng.reporters.JUnitReportReporter -->
<testsuite hostname="DESKTOP-C6P65E4" name="com.et.testRunner.TestRunner" tests="1" failures="0" timestamp="6 Mar 2021 13:49:50 GMT" time="8.870" errors="0">
  <testcase name="feature" time="8.870" classname="com.et.testRunner.TestRunner"/>
</testsuite> <!-- com.et.testRunner.TestRunner -->
